Fetching existing issues to avoid duplicates...
Loaded 476 existing issue titles.
Generating 200 new unique issues...
Prepared 200 more issues. Starting creation...
[1/200] Created: Analyze the Camera Lerp logic
[2/200] Created: Profile the Next.js routing layer
[3/200] Created: Update styling for the Mobile Navbar
[4/200] Created: Validate the Asset preloader
[5/200] Created: Modernize the Controls overlay
[6/200] Created: Profile the Vis-Viva speed calculation
[7/200] Created: Add unit tests for the Three.js geometries
[8/200] Created: Automate the Procedural texture generator
[9/200] Created: Rearchitect the Post-processing Bloom
[10/200] Created: Write inline documentation for the Vis-Viva speed calculation
[11/200] Created: Write integration tests for the Settings Modal
[12/200] Created: Tweak the Zoom controls
[13/200] Created: Update dependencies for the Zoom controls
[14/200] Created: Create E2E tests for the Tooltip component
[15/200] Created: Fix edge cases in the Data pipeline
[16/200] Created: Redesign the WebGL context configuration
[17/200] Created: Review the Mobile Navbar
[18/200] Created: Update styling for the Settings Modal
[19/200] Created: Optimize the WebGL context configuration
[20/200] Created: Fix race conditions in the User profile modal
[21/200] Created: Simplify the Scene Content provider
[22/200] Created: Simplify the Asteroid data fetching hook
[23/200] Created: Profile the Camera Lerp logic
[24/200] Created: Create E2E tests for the Claim Button UI
